<?xml version="1.0" encoding="UTF-8"?>
<testng-results ignored="0" total="3" passed="3" failed="0" skipped="0">
  <reporter-output>
  </reporter-output>
  <suite started-at="2021-07-09T10:53:21Z" name="AllTests" finished-at="2021-07-09T10:53:51Z" duration-ms="30124">
    <groups>
    </groups>
    <test started-at="2021-07-09T10:53:21Z" name="PositiveTasks" finished-at="2021-07-09T10:53:31Z" duration-ms="10197">
      <class name="com.herokuapp.theinternet.PositiveTests">
        <test-method signature="loginTest()[pri:0, instance:com.herokuapp.theinternet.PositiveTests@5495333e]" started-at="2021-07-09T10:53:21Z" name="loginTest" finished-at="2021-07-09T10:53:31Z" duration-ms="10178" status="PASS">
          <reporter-output>
          </reporter-output>
        </test-method> <!-- loginTest -->
      </class> <!-- com.herokuapp.theinternet.PositiveTests -->
    </test> <!-- PositiveTasks -->
    <test started-at="2021-07-09T10:53:31Z" name="NegativeTests" finished-at="2021-07-09T10:53:51Z" duration-ms="19897">
      <class name="com.herokuapp.theinternet.NegativeTests">
        <test-method signature="InvalidPasswordTest()[pri:0, instance:com.herokuapp.theinternet.NegativeTests@19e7a160]" started-at="2021-07-09T10:53:31Z" name="InvalidPasswordTest" finished-at="2021-07-09T10:53:42Z" duration-ms="10588" status="PASS">
          <reporter-output>
          </reporter-output>
        </test-method> <!-- InvalidPasswordTest -->
        <test-method signature="InvalidloginTest()[pri:0, instance:com.herokuapp.theinternet.NegativeTests@19e7a160]" started-at="2021-07-09T10:53:42Z" name="InvalidloginTest" finished-at="2021-07-09T10:53:51Z" duration-ms="9302" status="PASS">
          <reporter-output>
          </reporter-output>
        </test-method> <!-- InvalidloginTest -->
      </class> <!-- com.herokuapp.theinternet.NegativeTests -->
    </test> <!-- NegativeTests -->
  </suite> <!-- AllTests -->
</testng-results>
