<?xml version="1.0" encoding="UTF-8"?>
<!-- Generated by org.testng.reporters.JUnitXMLReporter -->
<testsuite ignored="0" hostname="DESKTOP-V4E15R0" failures="0" tests="2" name="NegativeTests" time="19.897" errors="0" timestamp="09 Jul 2021 10:53:51 GMT">
  <testcase classname="com.herokuapp.theinternet.NegativeTests" name="InvalidPasswordTest" time="10.588"/>
  <testcase classname="com.herokuapp.theinternet.NegativeTests" name="InvalidloginTest" time="9.302"/>
</testsuite> <!-- NegativeTests -->
